<?xml version='1.0' encoding='UTF-8'?>
<testsuite hostname="Tirths-MBP.attlocal.net" name="scalaTest" tests="5" errors="0" failures="0" skipped="0" time="0.021" timestamp="2021-11-06T21:09:07">
          <properties>
[...]
</properties>
          <testcase classname="scalaTest" name="config params should check the storage bucket in" time="0.019">
                      
                    </testcase><testcase classname="scalaTest" name="config params should check the rest api url" time="0.001">
                      
                    </testcase><testcase classname="scalaTest" name="config params should check the grpc api url" time="0.001">
                      
                    </testcase><testcase classname="scalaTest" name="config params should check the local host" time="0.0">
                      
                    </testcase><testcase classname="scalaTest" name="config params should check the pattern" time="0.0">
                      
                    </testcase>
          <system-out><![CDATA[]]></system-out>
          <system-err><![CDATA[]]></system-err>
        </testsuite>